2015-02-12 23:27:22,064 [Worker-8] INFO  o.e.m.c.i.e.AbstractTransferListenerAdapter - Downloading http://repo.maven.apache.org/maven2/org/eclipse/jetty/jetty-server/7.2.0.v20101020/jetty-server-7.2.0.v20101020.pom
2015-02-12 23:27:22,209 [Worker-8] INFO  o.e.m.c.i.e.AbstractTransferListenerAdapter - Downloaded http://repo.maven.apache.org/maven2/org/eclipse/jetty/jetty-server/7.2.0.v20101020/jetty-server-7.2.0.v20101020.pom
2015-02-12 23:27:22,258 [Worker-8] INFO  o.e.m.c.i.e.AbstractTransferListenerAdapter - Downloading http://repo.maven.apache.org/maven2/org/eclipse/jetty/jetty-project/7.2.0.v20101020/jetty-project-7.2.0.v20101020.pom
2015-02-12 23:27:22,389 [Worker-8] INFO  o.e.m.c.i.e.AbstractTransferListenerAdapter - Downloaded http://repo.maven.apache.org/maven2/org/eclipse/jetty/jetty-project/7.2.0.v20101020/jetty-project-7.2.0.v20101020.pom
2015-02-12 23:27:22,421 [Worker-8] INFO  o.e.m.c.i.e.AbstractTransferListenerAdapter - Downloading http://repo.maven.apache.org/maven2/org/eclipse/jetty/jetty-parent/16/jetty-parent-16.pom
2015-02-12 23:27:22,533 [Worker-8] INFO  o.e.m.c.i.e.AbstractTransferListenerAdapter - Downloaded http://repo.maven.apache.org/maven2/org/eclipse/jetty/jetty-parent/16/jetty-parent-16.pom
2015-02-12 23:27:22,582 [Worker-8] INFO  o.e.m.c.i.e.AbstractTransferListenerAdapter - Downloading http://repo.maven.apache.org/maven2/javax/servlet/servlet-api/2.5/servlet-api-2.5.pom
2015-02-12 23:27:22,643 [Worker-8] INFO  o.e.m.c.i.e.AbstractTransferListenerAdapter - Downloaded http://repo.maven.apache.org/maven2/javax/servlet/servlet-api/2.5/servlet-api-2.5.pom
2015-02-12 23:27:22,676 [Worker-8] INFO  o.e.m.c.i.e.AbstractTransferListenerAdapter - Downloading http://repo.maven.apache.org/maven2/org/eclipse/jetty/jetty-continuation/7.2.0.v20101020/jetty-continuation-7.2.0.v20101020.pom
2015-02-12 23:27:22,788 [Worker-8] INFO  o.e.m.c.i.e.AbstractTransferListenerAdapter - Downloaded http://repo.maven.apache.org/maven2/org/eclipse/jetty/jetty-continuation/7.2.0.v20101020/jetty-continuation-7.2.0.v20101020.pom
2015-02-12 23:27:22,830 [Worker-8] INFO  o.e.m.c.i.e.AbstractTransferListenerAdapter - Downloading http://repo.maven.apache.org/maven2/org/eclipse/jetty/jetty-http/7.2.0.v20101020/jetty-http-7.2.0.v20101020.pom
2015-02-12 23:27:22,888 [Worker-8] INFO  o.e.m.c.i.e.AbstractTransferListenerAdapter - Downloaded http://repo.maven.apache.org/maven2/org/eclipse/jetty/jetty-http/7.2.0.v20101020/jetty-http-7.2.0.v20101020.pom
2015-02-12 23:27:22,925 [Worker-8] INFO  o.e.m.c.i.e.AbstractTransferListenerAdapter - Downloading http://repo.maven.apache.org/maven2/org/eclipse/jetty/jetty-io/7.2.0.v20101020/jetty-io-7.2.0.v20101020.pom
2015-02-12 23:27:22,977 [Worker-8] INFO  o.e.m.c.i.e.AbstractTransferListenerAdapter - Downloaded http://repo.maven.apache.org/maven2/org/eclipse/jetty/jetty-io/7.2.0.v20101020/jetty-io-7.2.0.v20101020.pom
2015-02-12 23:27:23,013 [Worker-8] INFO  o.e.m.c.i.e.AbstractTransferListenerAdapter - Downloading http://repo.maven.apache.org/maven2/org/eclipse/jetty/jetty-util/7.2.0.v20101020/jetty-util-7.2.0.v20101020.pom
2015-02-12 23:27:23,095 [Worker-8] INFO  o.e.m.c.i.e.AbstractTransferListenerAdapter - Downloaded http://repo.maven.apache.org/maven2/org/eclipse/jetty/jetty-util/7.2.0.v20101020/jetty-util-7.2.0.v20101020.pom
2015-02-12 23:27:23,181 [Worker-8] INFO  o.e.m.c.i.e.AbstractTransferListenerAdapter - Downloading http://repo.maven.apache.org/maven2/org/eclipse/jetty/jetty-server/7.2.0.v20101020/jetty-server-7.2.0.v20101020.jar
2015-02-12 23:27:23,785 [Worker-8] INFO  o.e.m.c.i.e.AbstractTransferListenerAdapter - Downloaded http://repo.maven.apache.org/maven2/org/eclipse/jetty/jetty-server/7.2.0.v20101020/jetty-server-7.2.0.v20101020.jar
2015-02-12 23:27:23,819 [Worker-8] INFO  o.e.m.c.i.e.AbstractTransferListenerAdapter - Downloading http://repo.maven.apache.org/maven2/javax/servlet/servlet-api/2.5/servlet-api-2.5.jar
2015-02-12 23:27:24,051 [Worker-8] INFO  o.e.m.c.i.e.AbstractTransferListenerAdapter - Downloaded http://repo.maven.apache.org/maven2/javax/servlet/servlet-api/2.5/servlet-api-2.5.jar
2015-02-12 23:27:24,076 [Worker-8] INFO  o.e.m.c.i.e.AbstractTransferListenerAdapter - Downloading http://repo.maven.apache.org/maven2/org/eclipse/jetty/jetty-continuation/7.2.0.v20101020/jetty-continuation-7.2.0.v20101020.jar
2015-02-12 23:27:24,155 [Worker-8] INFO  o.e.m.c.i.e.AbstractTransferListenerAdapter - Downloaded http://repo.maven.apache.org/maven2/org/eclipse/jetty/jetty-continuation/7.2.0.v20101020/jetty-continuation-7.2.0.v20101020.jar
2015-02-12 23:27:24,186 [Worker-8] INFO  o.e.m.c.i.e.AbstractTransferListenerAdapter - Downloading http://repo.maven.apache.org/maven2/org/eclipse/jetty/jetty-http/7.2.0.v20101020/jetty-http-7.2.0.v20101020.jar
2015-02-12 23:27:24,559 [Worker-8] INFO  o.e.m.c.i.e.AbstractTransferListenerAdapter - Downloaded http://repo.maven.apache.org/maven2/org/eclipse/jetty/jetty-http/7.2.0.v20101020/jetty-http-7.2.0.v20101020.jar
2015-02-12 23:27:24,590 [Worker-8] INFO  o.e.m.c.i.e.AbstractTransferListenerAdapter - Downloading http://repo.maven.apache.org/maven2/org/eclipse/jetty/jetty-io/7.2.0.v20101020/jetty-io-7.2.0.v20101020.jar
2015-02-12 23:27:24,810 [Worker-8] INFO  o.e.m.c.i.e.AbstractTransferListenerAdapter - Downloaded http://repo.maven.apache.org/maven2/org/eclipse/jetty/jetty-io/7.2.0.v20101020/jetty-io-7.2.0.v20101020.jar
2015-02-12 23:27:24,837 [Worker-8] INFO  o.e.m.c.i.e.AbstractTransferListenerAdapter - Downloading http://repo.maven.apache.org/maven2/org/eclipse/jetty/jetty-util/7.2.0.v20101020/jetty-util-7.2.0.v20101020.jar
2015-02-12 23:27:25,336 [Worker-8] INFO  o.e.m.c.i.e.AbstractTransferListenerAdapter - Downloaded http://repo.maven.apache.org/maven2/org/eclipse/jetty/jetty-util/7.2.0.v20101020/jetty-util-7.2.0.v20101020.jar
2015-02-12 23:28:08,377 [Worker-12] INFO  o.e.m.c.i.e.AbstractTransferListenerAdapter - Downloading http://repo.maven.apache.org/maven2/org/eclipse/jetty/jetty-server/9.2.7.v20150116/jetty-server-9.2.7.v20150116.pom
2015-02-12 23:28:08,416 [Worker-12] INFO  o.e.m.c.i.e.AbstractTransferListenerAdapter - Downloaded http://repo.maven.apache.org/maven2/org/eclipse/jetty/jetty-server/9.2.7.v20150116/jetty-server-9.2.7.v20150116.pom
2015-02-12 23:28:08,509 [Worker-12] INFO  o.e.m.c.i.e.AbstractTransferListenerAdapter - Downloading http://repo.maven.apache.org/maven2/org/eclipse/jetty/jetty-project/9.2.7.v20150116/jetty-project-9.2.7.v20150116.pom
2015-02-12 23:28:08,601 [Worker-12] INFO  o.e.m.c.i.e.AbstractTransferListenerAdapter - Downloaded http://repo.maven.apache.org/maven2/org/eclipse/jetty/jetty-project/9.2.7.v20150116/jetty-project-9.2.7.v20150116.pom
2015-02-12 23:28:08,624 [Worker-12] INFO  o.e.m.c.i.e.AbstractTransferListenerAdapter - Downloading http://repo.maven.apache.org/maven2/org/eclipse/jetty/jetty-parent/23/jetty-parent-23.pom
2015-02-12 23:28:08,684 [Worker-12] INFO  o.e.m.c.i.e.AbstractTransferListenerAdapter - Downloaded http://repo.maven.apache.org/maven2/org/eclipse/jetty/jetty-parent/23/jetty-parent-23.pom
2015-02-12 23:28:08,713 [Worker-12] INFO  o.e.m.c.i.e.AbstractTransferListenerAdapter - Downloading http://repo.maven.apache.org/maven2/javax/servlet/javax.servlet-api/3.1.0/javax.servlet-api-3.1.0.pom
2015-02-12 23:28:08,766 [Worker-12] INFO  o.e.m.c.i.e.AbstractTransferListenerAdapter - Downloaded http://repo.maven.apache.org/maven2/javax/servlet/javax.servlet-api/3.1.0/javax.servlet-api-3.1.0.pom
2015-02-12 23:28:08,876 [Worker-12] INFO  o.e.m.c.i.e.AbstractTransferListenerAdapter - Downloading http://repo.maven.apache.org/maven2/net/java/jvnet-parent/3/jvnet-parent-3.pom
2015-02-12 23:28:08,913 [Worker-12] INFO  o.e.m.c.i.e.AbstractTransferListenerAdapter - Downloaded http://repo.maven.apache.org/maven2/net/java/jvnet-parent/3/jvnet-parent-3.pom
2015-02-12 23:28:08,936 [Worker-12] INFO  o.e.m.c.i.e.AbstractTransferListenerAdapter - Downloading http://repo.maven.apache.org/maven2/org/eclipse/jetty/jetty-http/9.2.7.v20150116/jetty-http-9.2.7.v20150116.pom
2015-02-12 23:28:09,060 [Worker-12] INFO  o.e.m.c.i.e.AbstractTransferListenerAdapter - Downloaded http://repo.maven.apache.org/maven2/org/eclipse/jetty/jetty-http/9.2.7.v20150116/jetty-http-9.2.7.v20150116.pom
2015-02-12 23:28:09,155 [Worker-12] INFO  o.e.m.c.i.e.AbstractTransferListenerAdapter - Downloading http://repo.maven.apache.org/maven2/org/eclipse/jetty/jetty-util/9.2.7.v20150116/jetty-util-9.2.7.v20150116.pom
2015-02-12 23:28:09,223 [Worker-12] INFO  o.e.m.c.i.e.AbstractTransferListenerAdapter - Downloaded http://repo.maven.apache.org/maven2/org/eclipse/jetty/jetty-util/9.2.7.v20150116/jetty-util-9.2.7.v20150116.pom
2015-02-12 23:28:09,251 [Worker-12] INFO  o.e.m.c.i.e.AbstractTransferListenerAdapter - Downloading http://repo.maven.apache.org/maven2/org/eclipse/jetty/jetty-io/9.2.7.v20150116/jetty-io-9.2.7.v20150116.pom
2015-02-12 23:28:09,305 [Worker-12] INFO  o.e.m.c.i.e.AbstractTransferListenerAdapter - Downloaded http://repo.maven.apache.org/maven2/org/eclipse/jetty/jetty-io/9.2.7.v20150116/jetty-io-9.2.7.v20150116.pom
2015-02-12 23:28:09,338 [Worker-12] INFO  o.e.m.c.i.e.AbstractTransferListenerAdapter - Downloading http://repo.maven.apache.org/maven2/org/eclipse/jetty/jetty-server/9.2.7.v20150116/jetty-server-9.2.7.v20150116.jar
2015-02-12 23:28:09,768 [Worker-12] INFO  o.e.m.c.i.e.AbstractTransferListenerAdapter - Downloaded http://repo.maven.apache.org/maven2/org/eclipse/jetty/jetty-server/9.2.7.v20150116/jetty-server-9.2.7.v20150116.jar
2015-02-12 23:28:09,791 [Worker-12] INFO  o.e.m.c.i.e.AbstractTransferListenerAdapter - Downloading http://repo.maven.apache.org/maven2/javax/servlet/javax.servlet-api/3.1.0/javax.servlet-api-3.1.0.jar
2015-02-12 23:28:09,868 [Worker-12] INFO  o.e.m.c.i.e.AbstractTransferListenerAdapter - Downloaded http://repo.maven.apache.org/maven2/javax/servlet/javax.servlet-api/3.1.0/javax.servlet-api-3.1.0.jar
2015-02-12 23:28:09,891 [Worker-12] INFO  o.e.m.c.i.e.AbstractTransferListenerAdapter - Downloading http://repo.maven.apache.org/maven2/org/eclipse/jetty/jetty-http/9.2.7.v20150116/jetty-http-9.2.7.v20150116.jar
2015-02-12 23:28:09,950 [Worker-12] INFO  o.e.m.c.i.e.AbstractTransferListenerAdapter - Downloaded http://repo.maven.apache.org/maven2/org/eclipse/jetty/jetty-http/9.2.7.v20150116/jetty-http-9.2.7.v20150116.jar
2015-02-12 23:28:09,968 [Worker-12] INFO  o.e.m.c.i.e.AbstractTransferListenerAdapter - Downloading http://repo.maven.apache.org/maven2/org/eclipse/jetty/jetty-util/9.2.7.v20150116/jetty-util-9.2.7.v20150116.jar
2015-02-12 23:28:10,095 [Worker-12] INFO  o.e.m.c.i.e.AbstractTransferListenerAdapter - Downloaded http://repo.maven.apache.org/maven2/org/eclipse/jetty/jetty-util/9.2.7.v20150116/jetty-util-9.2.7.v20150116.jar
2015-02-12 23:28:10,117 [Worker-12] INFO  o.e.m.c.i.e.AbstractTransferListenerAdapter - Downloading http://repo.maven.apache.org/maven2/org/eclipse/jetty/jetty-io/9.2.7.v20150116/jetty-io-9.2.7.v20150116.jar
2015-02-12 23:28:10,172 [Worker-12] INFO  o.e.m.c.i.e.AbstractTransferListenerAdapter - Downloaded http://repo.maven.apache.org/maven2/org/eclipse/jetty/jetty-io/9.2.7.v20150116/jetty-io-9.2.7.v20150116.jar
2015-02-12 23:40:23,458 [Worker-4] INFO  o.e.m.c.i.l.LifecycleMappingFactory - Using org.maven.ide.eclipse.wtp.WarLifecycleMapping lifecycle mapping for MavenProject: com.amher:appserver:1.0.0 @ /Users/yuchengwang/Amher/web/app/1/core/appserver/pom.xml.
2015-02-12 23:40:27,481 [Worker-4] WARN  o.e.m.c.i.embedder.EclipseLogger - Using platform encoding (US-ASCII actually) to copy filtered resources, i.e. build is platform dependent!
2015-02-12 23:40:27,490 [Worker-4] INFO  o.e.m.c.i.embedder.EclipseLogger - skip non existing resourceDirectory /Users/yuchengwang/Amher/web/app/1/core/appserver/src/main/resources
2015-02-12 23:40:27,492 [Worker-4] WARN  o.e.m.c.i.embedder.EclipseLogger - Using platform encoding (US-ASCII actually) to copy filtered resources, i.e. build is platform dependent!
2015-02-12 23:40:27,493 [Worker-4] INFO  o.e.m.c.i.embedder.EclipseLogger - skip non existing resourceDirectory /Users/yuchengwang/Amher/web/app/1/core/appserver/src/test/resources
2015-02-12 23:40:27,600 [Worker-8] INFO  o.e.m.c.i.l.LifecycleMappingFactory - Using org.maven.ide.eclipse.wtp.WarLifecycleMapping lifecycle mapping for MavenProject: com.amher:appserver:1.0.0 @ /Users/yuchengwang/Amher/web/app/1/core/appserver/pom.xml.
2015-02-12 23:40:27,811 [Worker-8] INFO  o.e.m.j.i.AbstractJavaProjectConfigurator - Adding source folder /appserver/src/main/java
2015-02-12 23:40:27,811 [Worker-8] INFO  o.e.m.j.i.AbstractJavaProjectConfigurator - Adding source folder /appserver/src/test/java
2015-02-12 23:40:31,252 [Worker-9] INFO  o.e.m.c.i.l.LifecycleMappingFactory - Using org.maven.ide.eclipse.wtp.WarLifecycleMapping lifecycle mapping for MavenProject: com.amher:appserver:1.0.0 @ /Users/yuchengwang/Amher/web/app/1/core/appserver/pom.xml.
2015-02-12 23:40:36,668 [Worker-9] INFO  o.e.m.c.i.e.AbstractTransferListenerAdapter - Downloaded http://repo.maven.apache.org/maven2/org/mortbay/jetty/jetty-maven-plugin/9.2.7.v20150116/jetty-maven-plugin-9.2.7.v20150116.pom
2015-02-12 23:40:36,670 [Worker-9] WARN  o.e.m.c.i.embedder.EclipseLogger - The POM for org.mortbay.jetty:jetty-maven-plugin:jar:9.2.7.v20150116 is missing, no dependency information available
2015-02-12 23:40:36,750 [Worker-9] INFO  o.e.m.c.i.e.AbstractTransferListenerAdapter - Downloaded http://repo.maven.apache.org/maven2/org/mortbay/jetty/jetty-maven-plugin/9.2.7.v20150116/jetty-maven-plugin-9.2.7.v20150116.jar
2015-02-12 23:40:36,751 [Worker-9] WARN  o.e.m.c.i.embedder.EclipseLogger - Failed to retrieve plugin descriptor for org.mortbay.jetty:jetty-maven-plugin:9.2.7.v20150116: Plugin org.mortbay.jetty:jetty-maven-plugin:9.2.7.v20150116 or one of its dependencies could not be resolved: Could not find artifact org.mortbay.jetty:jetty-maven-plugin:jar:9.2.7.v20150116 in central (http://repo.maven.apache.org/maven2)
2015-02-12 23:40:36,859 [Worker-9] WARN  o.e.m.c.i.embedder.EclipseLogger - The POM for org.mortbay.jetty:jetty-maven-plugin:jar:9.2.7.v20150116 is missing, no dependency information available
2015-02-12 23:40:36,859 [Worker-9] WARN  o.e.m.c.i.embedder.EclipseLogger - Failed to retrieve plugin descriptor for org.mortbay.jetty:jetty-maven-plugin:9.2.7.v20150116: Plugin org.mortbay.jetty:jetty-maven-plugin:9.2.7.v20150116 or one of its dependencies could not be resolved: Failure to find org.mortbay.jetty:jetty-maven-plugin:jar:9.2.7.v20150116 in http://repo.maven.apache.org/maven2 was cached in the local repository, resolution will not be reattempted until the update interval of central has elapsed or updates are forced
2015-02-12 23:40:37,035 [Worker-9] WARN  o.e.m.c.i.embedder.EclipseLogger - Using platform encoding (US-ASCII actually) to copy filtered resources, i.e. build is platform dependent!
2015-02-12 23:40:37,035 [Worker-9] INFO  o.e.m.c.i.embedder.EclipseLogger - skip non existing resourceDirectory /Users/yuchengwang/Amher/web/app/1/core/appserver/src/main/resources
2015-02-12 23:40:37,036 [Worker-9] WARN  o.e.m.c.i.embedder.EclipseLogger - Using platform encoding (US-ASCII actually) to copy filtered resources, i.e. build is platform dependent!
2015-02-12 23:40:37,037 [Worker-9] INFO  o.e.m.c.i.embedder.EclipseLogger - skip non existing resourceDirectory /Users/yuchengwang/Amher/web/app/1/core/appserver/src/test/resources
2015-02-12 23:40:37,037 [Worker-9] INFO  o.e.m.w.i.f.ResourceFilteringBuildParticipant - Changed resources require a complete clean of filtered resources of appserver
2015-02-12 23:40:37,038 [Worker-9] INFO  o.e.m.w.i.f.ResourceFilteringBuildParticipant - Executing resource filtering for appserver
2015-02-12 23:40:37,040 [Worker-9] WARN  o.e.m.c.i.embedder.EclipseLogger - The POM for org.mortbay.jetty:jetty-maven-plugin:jar:9.2.7.v20150116 is missing, no dependency information available
2015-02-12 23:40:37,040 [Worker-9] WARN  o.e.m.c.i.embedder.EclipseLogger - Failed to retrieve plugin descriptor for org.mortbay.jetty:jetty-maven-plugin:9.2.7.v20150116: Plugin org.mortbay.jetty:jetty-maven-plugin:9.2.7.v20150116 or one of its dependencies could not be resolved: Cannot access central (http://repo.maven.apache.org/maven2) in offline mode and the artifact org.mortbay.jetty:jetty-maven-plugin:jar:9.2.7.v20150116 has not been downloaded from it before.
2015-02-12 23:40:37,041 [Worker-9] WARN  o.e.m.c.i.embedder.EclipseLogger - The POM for org.mortbay.jetty:jetty-maven-plugin:jar:9.2.7.v20150116 is missing, no dependency information available
2015-02-12 23:40:37,042 [Worker-9] WARN  o.e.m.c.i.embedder.EclipseLogger - Failed to retrieve plugin descriptor for org.mortbay.jetty:jetty-maven-plugin:9.2.7.v20150116: Plugin org.mortbay.jetty:jetty-maven-plugin:9.2.7.v20150116 or one of its dependencies could not be resolved: Cannot access central (http://repo.maven.apache.org/maven2) in offline mode and the artifact org.mortbay.jetty:jetty-maven-plugin:jar:9.2.7.v20150116 has not been downloaded from it before.
2015-02-12 23:40:37,046 [Worker-9] WARN  o.e.m.c.i.embedder.EclipseLogger - Using platform encoding (US-ASCII actually) to copy filtered resources, i.e. build is platform dependent!
2015-02-12 23:40:38,483 [Worker-8] INFO  o.e.m.c.i.p.ProjectConfigurationManager - Update started
2015-02-12 23:40:38,653 [Worker-18] INFO  o.e.m.c.i.l.LifecycleMappingFactory - Using org.maven.ide.eclipse.wtp.WarLifecycleMapping lifecycle mapping for MavenProject: com.amher:appserver:1.0.0 @ /Users/yuchengwang/Amher/web/app/1/core/appserver/pom.xml.
2015-02-12 23:40:38,768 [Worker-18] WARN  o.e.m.c.i.embedder.EclipseLogger - The POM for org.mortbay.jetty:jetty-maven-plugin:jar:9.2.7.v20150116 is missing, no dependency information available
2015-02-12 23:40:38,768 [Worker-18] WARN  o.e.m.c.i.embedder.EclipseLogger - Failed to retrieve plugin descriptor for org.mortbay.jetty:jetty-maven-plugin:9.2.7.v20150116: Plugin org.mortbay.jetty:jetty-maven-plugin:9.2.7.v20150116 or one of its dependencies could not be resolved: Failure to find org.mortbay.jetty:jetty-maven-plugin:jar:9.2.7.v20150116 in http://repo.maven.apache.org/maven2 was cached in the local repository, resolution will not be reattempted until the update interval of central has elapsed or updates are forced
2015-02-12 23:40:38,778 [Worker-18] WARN  o.e.m.c.i.embedder.EclipseLogger - The POM for org.mortbay.jetty:jetty-maven-plugin:jar:9.2.7.v20150116 is missing, no dependency information available
2015-02-12 23:40:38,779 [Worker-18] WARN  o.e.m.c.i.embedder.EclipseLogger - Failed to retrieve plugin descriptor for org.mortbay.jetty:jetty-maven-plugin:9.2.7.v20150116: Plugin org.mortbay.jetty:jetty-maven-plugin:9.2.7.v20150116 or one of its dependencies could not be resolved: Failure to find org.mortbay.jetty:jetty-maven-plugin:jar:9.2.7.v20150116 in http://repo.maven.apache.org/maven2 was cached in the local repository, resolution will not be reattempted until the update interval of central has elapsed or updates are forced
2015-02-12 23:40:38,891 [Worker-18] WARN  o.e.m.c.i.embedder.EclipseLogger - Using platform encoding (US-ASCII actually) to copy filtered resources, i.e. build is platform dependent!
2015-02-12 23:40:38,891 [Worker-18] INFO  o.e.m.c.i.embedder.EclipseLogger - skip non existing resourceDirectory /Users/yuchengwang/Amher/web/app/1/core/appserver/src/main/resources
2015-02-12 23:40:38,892 [Worker-18] WARN  o.e.m.c.i.embedder.EclipseLogger - Using platform encoding (US-ASCII actually) to copy filtered resources, i.e. build is platform dependent!
2015-02-12 23:40:38,893 [Worker-18] INFO  o.e.m.c.i.embedder.EclipseLogger - skip non existing resourceDirectory /Users/yuchengwang/Amher/web/app/1/core/appserver/src/test/resources
2015-02-12 23:40:38,941 [Worker-8] INFO  o.e.m.c.i.l.LifecycleMappingFactory - Using org.maven.ide.eclipse.wtp.WarLifecycleMapping lifecycle mapping for MavenProject: com.amher:appserver:1.0.0 @ /Users/yuchengwang/Amher/web/app/1/core/appserver/pom.xml.
2015-02-12 23:40:38,989 [Worker-8] WARN  o.e.m.c.i.embedder.EclipseLogger - The POM for org.mortbay.jetty:jetty-maven-plugin:jar:9.2.7.v20150116 is missing, no dependency information available
2015-02-12 23:40:38,990 [Worker-8] WARN  o.e.m.c.i.embedder.EclipseLogger - Failed to retrieve plugin descriptor for org.mortbay.jetty:jetty-maven-plugin:9.2.7.v20150116: Plugin org.mortbay.jetty:jetty-maven-plugin:9.2.7.v20150116 or one of its dependencies could not be resolved: Failure to find org.mortbay.jetty:jetty-maven-plugin:jar:9.2.7.v20150116 in http://repo.maven.apache.org/maven2 was cached in the local repository, resolution will not be reattempted until the update interval of central has elapsed or updates are forced
2015-02-12 23:40:38,992 [Worker-8] WARN  o.e.m.c.i.embedder.EclipseLogger - The POM for org.mortbay.jetty:jetty-maven-plugin:jar:9.2.7.v20150116 is missing, no dependency information available
2015-02-12 23:40:38,993 [Worker-8] WARN  o.e.m.c.i.embedder.EclipseLogger - Failed to retrieve plugin descriptor for org.mortbay.jetty:jetty-maven-plugin:9.2.7.v20150116: Plugin org.mortbay.jetty:jetty-maven-plugin:9.2.7.v20150116 or one of its dependencies could not be resolved: Failure to find org.mortbay.jetty:jetty-maven-plugin:jar:9.2.7.v20150116 in http://repo.maven.apache.org/maven2 was cached in the local repository, resolution will not be reattempted until the update interval of central has elapsed or updates are forced
2015-02-12 23:40:39,284 [Worker-8] INFO  o.e.m.j.i.AbstractJavaProjectConfigurator - Adding source folder /appserver/src/main/java
2015-02-12 23:40:39,285 [Worker-8] INFO  o.e.m.j.i.AbstractJavaProjectConfigurator - Adding source folder /appserver/src/test/java
2015-02-12 23:40:39,658 [Worker-15] INFO  o.e.m.c.i.l.LifecycleMappingFactory - Using org.maven.ide.eclipse.wtp.WarLifecycleMapping lifecycle mapping for MavenProject: com.amher:appserver:1.0.0 @ /Users/yuchengwang/Amher/web/app/1/core/appserver/pom.xml.
2015-02-12 23:40:39,723 [Worker-15] WARN  o.e.m.c.i.embedder.EclipseLogger - The POM for org.mortbay.jetty:jetty-maven-plugin:jar:9.2.7.v20150116 is missing, no dependency information available
2015-02-12 23:40:39,724 [Worker-15] WARN  o.e.m.c.i.embedder.EclipseLogger - Failed to retrieve plugin descriptor for org.mortbay.jetty:jetty-maven-plugin:9.2.7.v20150116: Plugin org.mortbay.jetty:jetty-maven-plugin:9.2.7.v20150116 or one of its dependencies could not be resolved: Failure to find org.mortbay.jetty:jetty-maven-plugin:jar:9.2.7.v20150116 in http://repo.maven.apache.org/maven2 was cached in the local repository, resolution will not be reattempted until the update interval of central has elapsed or updates are forced
2015-02-12 23:40:39,744 [Worker-15] WARN  o.e.m.c.i.embedder.EclipseLogger - The POM for org.mortbay.jetty:jetty-maven-plugin:jar:9.2.7.v20150116 is missing, no dependency information available
2015-02-12 23:40:39,748 [Worker-15] WARN  o.e.m.c.i.embedder.EclipseLogger - Failed to retrieve plugin descriptor for org.mortbay.jetty:jetty-maven-plugin:9.2.7.v20150116: Plugin org.mortbay.jetty:jetty-maven-plugin:9.2.7.v20150116 or one of its dependencies could not be resolved: Failure to find org.mortbay.jetty:jetty-maven-plugin:jar:9.2.7.v20150116 in http://repo.maven.apache.org/maven2 was cached in the local repository, resolution will not be reattempted until the update interval of central has elapsed or updates are forced
2015-02-12 23:40:39,832 [Worker-15] WARN  o.e.m.c.i.embedder.EclipseLogger - Using platform encoding (US-ASCII actually) to copy filtered resources, i.e. build is platform dependent!
2015-02-12 23:40:39,832 [Worker-15] INFO  o.e.m.c.i.embedder.EclipseLogger - skip non existing resourceDirectory /Users/yuchengwang/Amher/web/app/1/core/appserver/src/main/resources
2015-02-12 23:40:39,833 [Worker-15] WARN  o.e.m.c.i.embedder.EclipseLogger - Using platform encoding (US-ASCII actually) to copy filtered resources, i.e. build is platform dependent!
2015-02-12 23:40:39,837 [Worker-15] INFO  o.e.m.c.i.embedder.EclipseLogger - skip non existing resourceDirectory /Users/yuchengwang/Amher/web/app/1/core/appserver/src/test/resources
2015-02-12 23:40:39,837 [Worker-15] INFO  o.e.m.w.i.f.ResourceFilteringBuildParticipant - Changed resources require a complete clean of filtered resources of appserver
2015-02-12 23:40:39,837 [Worker-15] INFO  o.e.m.w.i.f.ResourceFilteringBuildParticipant - Executing resource filtering for appserver
2015-02-12 23:40:39,838 [Worker-15] WARN  o.e.m.c.i.embedder.EclipseLogger - The POM for org.mortbay.jetty:jetty-maven-plugin:jar:9.2.7.v20150116 is missing, no dependency information available
2015-02-12 23:40:39,839 [Worker-15] WARN  o.e.m.c.i.embedder.EclipseLogger - Failed to retrieve plugin descriptor for org.mortbay.jetty:jetty-maven-plugin:9.2.7.v20150116: Plugin org.mortbay.jetty:jetty-maven-plugin:9.2.7.v20150116 or one of its dependencies could not be resolved: Cannot access central (http://repo.maven.apache.org/maven2) in offline mode and the artifact org.mortbay.jetty:jetty-maven-plugin:jar:9.2.7.v20150116 has not been downloaded from it before.
2015-02-12 23:40:39,840 [Worker-15] WARN  o.e.m.c.i.embedder.EclipseLogger - The POM for org.mortbay.jetty:jetty-maven-plugin:jar:9.2.7.v20150116 is missing, no dependency information available
2015-02-12 23:40:39,841 [Worker-15] WARN  o.e.m.c.i.embedder.EclipseLogger - Failed to retrieve plugin descriptor for org.mortbay.jetty:jetty-maven-plugin:9.2.7.v20150116: Plugin org.mortbay.jetty:jetty-maven-plugin:9.2.7.v20150116 or one of its dependencies could not be resolved: Cannot access central (http://repo.maven.apache.org/maven2) in offline mode and the artifact org.mortbay.jetty:jetty-maven-plugin:jar:9.2.7.v20150116 has not been downloaded from it before.
2015-02-12 23:40:39,876 [Worker-15] WARN  o.e.m.c.i.embedder.EclipseLogger - Using platform encoding (US-ASCII actually) to copy filtered resources, i.e. build is platform dependent!
2015-02-12 23:40:40,154 [Worker-8] INFO  o.e.m.w.i.f.ResourceFilteringBuildParticipant - Cleaning filtered folder for appserver
2015-02-12 23:40:40,156 [Worker-8] INFO  o.e.m.c.i.p.ProjectConfigurationManager - Update completed: 1 sec
2015-02-12 23:40:42,727 [Worker-20] WARN  o.e.m.c.i.embedder.EclipseLogger - Using platform encoding (US-ASCII actually) to copy filtered resources, i.e. build is platform dependent!
2015-02-12 23:40:42,728 [Worker-20] INFO  o.e.m.c.i.embedder.EclipseLogger - skip non existing resourceDirectory /Users/yuchengwang/Amher/web/app/1/core/appserver/src/main/resources
2015-02-12 23:40:42,729 [Worker-20] WARN  o.e.m.c.i.embedder.EclipseLogger - Using platform encoding (US-ASCII actually) to copy filtered resources, i.e. build is platform dependent!
2015-02-12 23:40:42,729 [Worker-20] INFO  o.e.m.c.i.embedder.EclipseLogger - skip non existing resourceDirectory /Users/yuchengwang/Amher/web/app/1/core/appserver/src/test/resources
2015-02-12 23:42:08,333 [Worker-9] WARN  o.e.m.c.i.embedder.EclipseLogger - Using platform encoding (US-ASCII actually) to copy filtered resources, i.e. build is platform dependent!
2015-02-12 23:42:08,334 [Worker-9] INFO  o.e.m.c.i.embedder.EclipseLogger - skip non existing resourceDirectory /Users/yuchengwang/Amher/web/app/1/core/appserver/src/main/resources
2015-02-12 23:42:08,335 [Worker-9] WARN  o.e.m.c.i.embedder.EclipseLogger - Using platform encoding (US-ASCII actually) to copy filtered resources, i.e. build is platform dependent!
2015-02-12 23:42:08,336 [Worker-9] INFO  o.e.m.c.i.embedder.EclipseLogger - skip non existing resourceDirectory /Users/yuchengwang/Amher/web/app/1/core/appserver/src/test/resources
2015-02-12 23:43:24,441 [main] INFO  o.e.m2e.actions.ExecutePomAction - Creating new launch configuration
2015-02-12 23:43:48,374 [Worker-15] WARN  o.e.m.c.i.embedder.EclipseLogger - Using platform encoding (US-ASCII actually) to copy filtered resources, i.e. build is platform dependent!
2015-02-12 23:43:48,375 [Worker-15] INFO  o.e.m.c.i.embedder.EclipseLogger - skip non existing resourceDirectory /Users/yuchengwang/Amher/web/app/1/core/appserver/src/main/resources
2015-02-12 23:43:48,378 [Worker-15] WARN  o.e.m.c.i.embedder.EclipseLogger - Using platform encoding (US-ASCII actually) to copy filtered resources, i.e. build is platform dependent!
2015-02-12 23:43:48,378 [Worker-15] INFO  o.e.m.c.i.embedder.EclipseLogger - skip non existing resourceDirectory /Users/yuchengwang/Amher/web/app/1/core/appserver/src/test/resources
2015-02-12 23:44:42,209 [Worker-9] WARN  o.e.m.c.i.embedder.EclipseLogger - Using platform encoding (US-ASCII actually) to copy filtered resources, i.e. build is platform dependent!
2015-02-12 23:44:42,209 [Worker-9] INFO  o.e.m.c.i.embedder.EclipseLogger - skip non existing resourceDirectory /Users/yuchengwang/Amher/web/app/1/core/appserver/src/main/resources
2015-02-12 23:44:42,210 [Worker-9] WARN  o.e.m.c.i.embedder.EclipseLogger - Using platform encoding (US-ASCII actually) to copy filtered resources, i.e. build is platform dependent!
2015-02-12 23:44:42,211 [Worker-9] INFO  o.e.m.c.i.embedder.EclipseLogger - skip non existing resourceDirectory /Users/yuchengwang/Amher/web/app/1/core/appserver/src/test/resources
2015-02-12 23:44:47,517 [Worker-23] INFO  o.e.m.c.i.l.LifecycleMappingFactory - Using org.maven.ide.eclipse.wtp.WarLifecycleMapping lifecycle mapping for MavenProject: com.amher:appserver:1.0.0 @ /Users/yuchengwang/Amher/web/app/1/core/appserver/pom.xml.
2015-02-12 23:44:47,547 [Worker-23] WARN  o.e.m.c.i.embedder.EclipseLogger - The POM for org.mortbay.jetty:jetty-maven-plugin:jar:9.2.7.v20150116 is missing, no dependency information available
2015-02-12 23:44:47,567 [Worker-23] WARN  o.e.m.c.i.embedder.EclipseLogger - Failed to retrieve plugin descriptor for org.mortbay.jetty:jetty-maven-plugin:9.2.7.v20150116: Plugin org.mortbay.jetty:jetty-maven-plugin:9.2.7.v20150116 or one of its dependencies could not be resolved: Failure to find org.mortbay.jetty:jetty-maven-plugin:jar:9.2.7.v20150116 in http://repo.maven.apache.org/maven2 was cached in the local repository, resolution will not be reattempted until the update interval of central has elapsed or updates are forced
2015-02-12 23:44:47,568 [Worker-23] WARN  o.e.m.c.i.embedder.EclipseLogger - The POM for org.mortbay.jetty:jetty-maven-plugin:jar:9.2.7.v20150116 is missing, no dependency information available
2015-02-12 23:44:47,569 [Worker-23] WARN  o.e.m.c.i.embedder.EclipseLogger - Failed to retrieve plugin descriptor for org.mortbay.jetty:jetty-maven-plugin:9.2.7.v20150116: Plugin org.mortbay.jetty:jetty-maven-plugin:9.2.7.v20150116 or one of its dependencies could not be resolved: Failure to find org.mortbay.jetty:jetty-maven-plugin:jar:9.2.7.v20150116 in http://repo.maven.apache.org/maven2 was cached in the local repository, resolution will not be reattempted until the update interval of central has elapsed or updates are forced
2015-02-12 23:44:47,718 [Worker-23] WARN  o.e.m.c.i.embedder.EclipseLogger - Using platform encoding (US-ASCII actually) to copy filtered resources, i.e. build is platform dependent!
2015-02-12 23:44:47,718 [Worker-23] INFO  o.e.m.c.i.embedder.EclipseLogger - skip non existing resourceDirectory /Users/yuchengwang/Amher/web/app/1/core/appserver/src/main/resources
2015-02-12 23:44:47,719 [Worker-23] WARN  o.e.m.c.i.embedder.EclipseLogger - Using platform encoding (US-ASCII actually) to copy filtered resources, i.e. build is platform dependent!
2015-02-12 23:44:47,719 [Worker-23] INFO  o.e.m.c.i.embedder.EclipseLogger - skip non existing resourceDirectory /Users/yuchengwang/Amher/web/app/1/core/appserver/src/test/resources
2015-02-12 23:44:47,720 [Worker-23] INFO  o.e.m.w.i.f.ResourceFilteringBuildParticipant - Changed resources require a complete clean of filtered resources of appserver
2015-02-12 23:44:47,720 [Worker-23] INFO  o.e.m.w.i.f.ResourceFilteringBuildParticipant - Executing resource filtering for appserver
2015-02-12 23:44:47,721 [Worker-23] WARN  o.e.m.c.i.embedder.EclipseLogger - The POM for org.mortbay.jetty:jetty-maven-plugin:jar:9.2.7.v20150116 is missing, no dependency information available
2015-02-12 23:44:47,721 [Worker-23] WARN  o.e.m.c.i.embedder.EclipseLogger - Failed to retrieve plugin descriptor for org.mortbay.jetty:jetty-maven-plugin:9.2.7.v20150116: Plugin org.mortbay.jetty:jetty-maven-plugin:9.2.7.v20150116 or one of its dependencies could not be resolved: Cannot access central (http://repo.maven.apache.org/maven2) in offline mode and the artifact org.mortbay.jetty:jetty-maven-plugin:jar:9.2.7.v20150116 has not been downloaded from it before.
2015-02-12 23:44:47,722 [Worker-23] WARN  o.e.m.c.i.embedder.EclipseLogger - The POM for org.mortbay.jetty:jetty-maven-plugin:jar:9.2.7.v20150116 is missing, no dependency information available
2015-02-12 23:44:47,723 [Worker-23] WARN  o.e.m.c.i.embedder.EclipseLogger - Failed to retrieve plugin descriptor for org.mortbay.jetty:jetty-maven-plugin:9.2.7.v20150116: Plugin org.mortbay.jetty:jetty-maven-plugin:9.2.7.v20150116 or one of its dependencies could not be resolved: Cannot access central (http://repo.maven.apache.org/maven2) in offline mode and the artifact org.mortbay.jetty:jetty-maven-plugin:jar:9.2.7.v20150116 has not been downloaded from it before.
2015-02-12 23:44:47,801 [Worker-23] WARN  o.e.m.c.i.embedder.EclipseLogger - Using platform encoding (US-ASCII actually) to copy filtered resources, i.e. build is platform dependent!
2015-02-12 23:45:30,471 [Worker-24] WARN  o.e.m.c.i.embedder.EclipseLogger - Using platform encoding (US-ASCII actually) to copy filtered resources, i.e. build is platform dependent!
2015-02-12 23:45:30,472 [Worker-24] INFO  o.e.m.c.i.embedder.EclipseLogger - skip non existing resourceDirectory /Users/yuchengwang/Amher/web/app/1/core/appserver/src/main/resources
2015-02-12 23:45:30,473 [Worker-24] WARN  o.e.m.c.i.embedder.EclipseLogger - Using platform encoding (US-ASCII actually) to copy filtered resources, i.e. build is platform dependent!
2015-02-12 23:45:30,473 [Worker-24] INFO  o.e.m.c.i.embedder.EclipseLogger - skip non existing resourceDirectory /Users/yuchengwang/Amher/web/app/1/core/appserver/src/test/resources
2015-02-12 23:45:31,481 [Worker-23] WARN  o.e.m.c.i.embedder.EclipseLogger - Using platform encoding (US-ASCII actually) to copy filtered resources, i.e. build is platform dependent!
2015-02-12 23:45:31,481 [Worker-23] INFO  o.e.m.c.i.embedder.EclipseLogger - skip non existing resourceDirectory /Users/yuchengwang/Amher/web/app/1/core/appserver/src/main/resources
2015-02-12 23:45:31,482 [Worker-23] WARN  o.e.m.c.i.embedder.EclipseLogger - Using platform encoding (US-ASCII actually) to copy filtered resources, i.e. build is platform dependent!
2015-02-12 23:45:31,483 [Worker-23] INFO  o.e.m.c.i.embedder.EclipseLogger - skip non existing resourceDirectory /Users/yuchengwang/Amher/web/app/1/core/appserver/src/test/resources
2015-02-12 23:45:33,512 [Worker-25] WARN  o.e.m.c.i.embedder.EclipseLogger - Using platform encoding (US-ASCII actually) to copy filtered resources, i.e. build is platform dependent!
2015-02-12 23:45:33,512 [Worker-25] INFO  o.e.m.c.i.embedder.EclipseLogger - skip non existing resourceDirectory /Users/yuchengwang/Amher/web/app/1/core/appserver/src/main/resources
2015-02-12 23:45:33,514 [Worker-25] WARN  o.e.m.c.i.embedder.EclipseLogger - Using platform encoding (US-ASCII actually) to copy filtered resources, i.e. build is platform dependent!
2015-02-12 23:45:33,514 [Worker-25] INFO  o.e.m.c.i.embedder.EclipseLogger - skip non existing resourceDirectory /Users/yuchengwang/Amher/web/app/1/core/appserver/src/test/resources
2015-02-12 23:51:13,808 [Worker-26] WARN  o.e.m.c.i.embedder.EclipseLogger - Using platform encoding (US-ASCII actually) to copy filtered resources, i.e. build is platform dependent!
2015-02-12 23:51:13,858 [Worker-26] INFO  o.e.m.c.i.embedder.EclipseLogger - skip non existing resourceDirectory /Users/yuchengwang/Amher/web/app/1/core/appserver/src/main/resources
2015-02-12 23:51:13,860 [Worker-26] WARN  o.e.m.c.i.embedder.EclipseLogger - Using platform encoding (US-ASCII actually) to copy filtered resources, i.e. build is platform dependent!
2015-02-12 23:51:13,887 [Worker-26] INFO  o.e.m.c.i.embedder.EclipseLogger - skip non existing resourceDirectory /Users/yuchengwang/Amher/web/app/1/core/appserver/src/test/resources
2015-02-12 23:51:22,972 [Worker-26] WARN  o.e.m.c.i.embedder.EclipseLogger - Using platform encoding (US-ASCII actually) to copy filtered resources, i.e. build is platform dependent!
2015-02-12 23:51:22,973 [Worker-26] INFO  o.e.m.c.i.embedder.EclipseLogger - skip non existing resourceDirectory /Users/yuchengwang/Amher/web/app/1/core/appserver/src/main/resources
2015-02-12 23:51:22,974 [Worker-26] WARN  o.e.m.c.i.embedder.EclipseLogger - Using platform encoding (US-ASCII actually) to copy filtered resources, i.e. build is platform dependent!
2015-02-12 23:51:22,974 [Worker-26] INFO  o.e.m.c.i.embedder.EclipseLogger - skip non existing resourceDirectory /Users/yuchengwang/Amher/web/app/1/core/appserver/src/test/resources
2015-02-12 23:51:27,261 [Worker-9] WARN  o.e.m.c.i.embedder.EclipseLogger - Using platform encoding (US-ASCII actually) to copy filtered resources, i.e. build is platform dependent!
2015-02-12 23:51:27,261 [Worker-9] INFO  o.e.m.c.i.embedder.EclipseLogger - skip non existing resourceDirectory /Users/yuchengwang/Amher/web/app/1/core/appserver/src/main/resources
2015-02-12 23:51:27,262 [Worker-9] WARN  o.e.m.c.i.embedder.EclipseLogger - Using platform encoding (US-ASCII actually) to copy filtered resources, i.e. build is platform dependent!
2015-02-12 23:51:27,262 [Worker-9] INFO  o.e.m.c.i.embedder.EclipseLogger - skip non existing resourceDirectory /Users/yuchengwang/Amher/web/app/1/core/appserver/src/test/resources
2015-02-12 23:51:29,305 [Worker-4] WARN  o.e.m.c.i.embedder.EclipseLogger - Using platform encoding (US-ASCII actually) to copy filtered resources, i.e. build is platform dependent!
2015-02-12 23:51:29,306 [Worker-4] INFO  o.e.m.c.i.embedder.EclipseLogger - skip non existing resourceDirectory /Users/yuchengwang/Amher/web/app/1/core/appserver/src/main/resources
2015-02-12 23:51:29,309 [Worker-4] WARN  o.e.m.c.i.embedder.EclipseLogger - Using platform encoding (US-ASCII actually) to copy filtered resources, i.e. build is platform dependent!
2015-02-12 23:51:29,309 [Worker-4] INFO  o.e.m.c.i.embedder.EclipseLogger - skip non existing resourceDirectory /Users/yuchengwang/Amher/web/app/1/core/appserver/src/test/resources
2015-02-12 23:51:41,510 [Worker-26] WARN  o.e.m.c.i.embedder.EclipseLogger - Using platform encoding (US-ASCII actually) to copy filtered resources, i.e. build is platform dependent!
2015-02-12 23:51:41,511 [Worker-26] INFO  o.e.m.c.i.embedder.EclipseLogger - skip non existing resourceDirectory /Users/yuchengwang/Amher/web/app/1/core/appserver/src/main/resources
2015-02-12 23:51:41,513 [Worker-26] WARN  o.e.m.c.i.embedder.EclipseLogger - Using platform encoding (US-ASCII actually) to copy filtered resources, i.e. build is platform dependent!
2015-02-12 23:51:41,590 [Worker-26] INFO  o.e.m.c.i.embedder.EclipseLogger - skip non existing resourceDirectory /Users/yuchengwang/Amher/web/app/1/core/appserver/src/test/resources
2015-02-12 23:51:58,233 [Worker-3] WARN  o.e.m.c.i.embedder.EclipseLogger - Using platform encoding (US-ASCII actually) to copy filtered resources, i.e. build is platform dependent!
2015-02-12 23:51:58,233 [Worker-3] INFO  o.e.m.c.i.embedder.EclipseLogger - skip non existing resourceDirectory /Users/yuchengwang/Amher/web/app/1/core/appserver/src/main/resources
2015-02-12 23:51:58,234 [Worker-3] WARN  o.e.m.c.i.embedder.EclipseLogger - Using platform encoding (US-ASCII actually) to copy filtered resources, i.e. build is platform dependent!
2015-02-12 23:51:58,234 [Worker-3] INFO  o.e.m.c.i.embedder.EclipseLogger - skip non existing resourceDirectory /Users/yuchengwang/Amher/web/app/1/core/appserver/src/test/resources
